{
  "RSpec": {
    "coverage": {
      "/Users/student/Makers/week8/smart-tech-test/spec/page_views_app_spec.rb": {
        "lines": [
          1,
          null,
          1,
          1,
          1,
          1,
          1,
          1,
          1,
          null,
          null,
          null,
          null
        ]
      },
      "/Users/student/Makers/week8/smart-tech-test/lib/page_views_app.rb": {
        "lines": [
          1,
          null,
          1,
          null,
          1,
          1,
          null,
          null,
          1,
          1,
          null,
          null,
          null
        ]
      }
    },
    "timestamp": 1605618601
  }
}
