{
  "RSpec": {
    "coverage": {
      "/Users/student/Makers/week8/smart-tech-test/spec/calculator_spec.rb": {
        "lines": [
          1,
          null,
          1,
          3,
          1,
          1,
          1,
          1,
          1,
          1,
          1,
          1,
          1,
          null,
          null,
          null,
          null,
          1,
          1,
          1,
          1,
          1,
          1,
          1,
          1,
          null,
          null,
          null,
          null,
          null,
          null,
          null,
          null,
          null,
          null,
          null,
          null,
          null,
          null,
          null,
          null,
          null,
          null,
          null,
          null,
          null,
          null,
          null,
          null,
          null,
          null,
          null,
          null,
          null,
          null,
          null,
          null
        ]
      },
      "/Users/student/Makers/week8/smart-tech-test/lib/calculator.rb": {
        "lines": [
          1,
          1,
          null,
          1,
          2,
          12,
          null,
          null,
          null,
          1,
          2,
          7,
          null,
          null,
          null,
          1,
          null,
          1,
          12,
          null,
          null,
          1,
          83,
          null,
          null,
          1,
          7,
          null,
          null,
          null
        ]
      },
      "/Users/student/Makers/week8/smart-tech-test/lib/log.rb": {
        "lines": [
          1,
          1,
          null,
          1,
          14,
          14,
          14,
          14,
          null,
          null,
          1,
          11,
          null,
          null,
          1,
          6,
          null,
          null,
          null
        ]
      },
      "/Users/student/Makers/week8/smart-tech-test/spec/feature_spec.rb": {
        "lines": [
          1,
          null,
          1,
          1,
          1,
          1,
          1,
          1,
          2,
          null,
          null,
          null,
          null,
          null,
          null,
          null,
          null,
          null
        ]
      },
      "/Users/student/Makers/week8/smart-tech-test/lib/page_views_app.rb": {
        "lines": [
          1,
          1,
          1,
          null,
          1,
          1,
          null,
          1,
          3,
          3,
          3,
          3,
          null,
          null,
          1,
          2,
          null,
          null,
          1,
          2,
          null,
          null,
          1,
          1,
          null,
          null,
          1,
          1,
          null,
          null,
          null
        ]
      },
      "/Users/student/Makers/week8/smart-tech-test/lib/parser.rb": {
        "lines": [
          1,
          null,
          1,
          1,
          null,
          1,
          2,
          null,
          null,
          1,
          2,
          12,
          null,
          null,
          null,
          1,
          null,
          1,
          2,
          null,
          null,
          1,
          12,
          null,
          null,
          1,
          12,
          null,
          null,
          null
        ]
      },
      "/Users/student/Makers/week8/smart-tech-test/lib/report.rb": {
        "lines": [
          1,
          null,
          1,
          2,
          5,
          null,
          null,
          2,
          5,
          null,
          null,
          null,
          1,
          null,
          1,
          2,
          null,
          null,
          1,
          2,
          null,
          null,
          1,
          4,
          null,
          null,
          null
        ]
      },
      "/Users/student/Makers/week8/smart-tech-test/spec/log_spec.rb": {
        "lines": [
          1,
          null,
          1,
          1,
          1,
          1,
          1,
          1,
          null,
          null,
          1,
          1,
          1,
          null,
          null,
          1,
          1,
          1,
          null,
          null,
          null,
          null,
          1,
          1,
          1,
          1,
          1,
          null,
          null,
          null,
          null
        ]
      },
      "/Users/student/Makers/week8/smart-tech-test/spec/page_views_app_spec.rb": {
        "lines": [
          1,
          null,
          1,
          1,
          1,
          1,
          1,
          1,
          1,
          null,
          null,
          null,
          null,
          1,
          1,
          1,
          1,
          1,
          1,
          1,
          null,
          null,
          null,
          null
        ]
      },
      "/Users/student/Makers/week8/smart-tech-test/spec/parser_spec.rb": {
        "lines": [
          1,
          null,
          1,
          1,
          2,
          2,
          null,
          null,
          null,
          1,
          1,
          1,
          1,
          1,
          1,
          1,
          1,
          null,
          null,
          null,
          null,
          null,
          null,
          null,
          null,
          null,
          null,
          null,
          null,
          null,
          null,
          null,
          null,
          null,
          null,
          null,
          null,
          null,
          null,
          null,
          null,
          null,
          null,
          null,
          null,
          null,
          null,
          null,
          null,
          null
        ]
      },
      "/Users/student/Makers/week8/smart-tech-test/spec/report_spec.rb": {
        "lines": [
          1,
          null,
          1,
          1,
          1,
          1,
          1,
          1,
          1,
          1,
          2,
          null,
          null,
          null,
          null,
          1,
          null,
          null,
          null,
          null
        ]
      }
    },
    "timestamp": 1605712300
  }
}
